2022-04-29 15:40:49 [scrapy.utils.log] INFO: Scrapy 2.6.1 started (bot: scrapy_explore)
2022-04-29 15:40:49 [scrapy.utils.log] INFO: Versions: lxml 4.8.0.0, libxml2 2.9.12, cssselect 1.1.0, parsel 1.6.0, w3lib 1.22.0, Twisted 22.4.0, Python 3.8.10 (default, Mar 15 2022, 12:22:08) - [GCC 9.4.0], pyOpenSSL 22.0.0 (OpenSSL 1.1.1f  31 Mar 2020), cryptography 2.8, Platform Linux-5.13.0-39-generic-x86_64-with-glibc2.29
2022-04-29 15:40:50 [scrapy.crawler] INFO: Overridden settings:
{'BOT_NAME': 'scrapy_explore',
 'LOG_FILE': 'logs/default/checkip/0ff47a1ac79811ec8b36f7115e4ad6ba.log',
 'NEWSPIDER_MODULE': 'scrapy_explore.spiders',
 'ROBOTSTXT_OBEY': True,
 'SPIDER_MODULES': ['scrapy_explore.spiders']}
2022-04-29 15:40:50 [scrapy.utils.log] DEBUG: Using reactor: twisted.internet.epollreactor.EPollReactor
2022-04-29 15:40:50 [scrapy.extensions.telnet] INFO: Telnet Password: e3c7f2a0b7f8b58c
2022-04-29 15:40:50 [scrapy.middleware] INFO: Enabled extensions:
['scrapy.extensions.corestats.CoreStats',
 'scrapy.extensions.telnet.TelnetConsole',
 'scrapy.extensions.memusage.MemoryUsage',
 'scrapy.extensions.logstats.LogStats']
2022-04-29 15:40:50 [scrapy.middleware] INFO: Enabled downloader middlewares:
['scrapy.downloadermiddlewares.robotstxt.RobotsTxtMiddleware',
 'scrapy.downloadermiddlewares.httpauth.HttpAuthMiddleware',
 'scrapy.downloadermiddlewares.downloadtimeout.DownloadTimeoutMiddleware',
 'scrapy.downloadermiddlewares.defaultheaders.DefaultHeadersMiddleware',
 'scrapy.downloadermiddlewares.useragent.UserAgentMiddleware',
 'scrapy.downloadermiddlewares.retry.RetryMiddleware',
 'scrapy.downloadermiddlewares.redirect.MetaRefreshMiddleware',
 'scrapy.downloadermiddlewares.httpcompression.HttpCompressionMiddleware',
 'scrapy.downloadermiddlewares.redirect.RedirectMiddleware',
 'scrapy.downloadermiddlewares.cookies.CookiesMiddleware',
 'scrapy.downloadermiddlewares.httpproxy.HttpProxyMiddleware',
 'scrapy.downloadermiddlewares.stats.DownloaderStats']
2022-04-29 15:40:50 [scrapy.middleware] INFO: Enabled spider middlewares:
['scrapy.spidermiddlewares.httperror.HttpErrorMiddleware',
 'scrapy.spidermiddlewares.offsite.OffsiteMiddleware',
 'scrapy.spidermiddlewares.referer.RefererMiddleware',
 'scrapy.spidermiddlewares.urllength.UrlLengthMiddleware',
 'scrapy.spidermiddlewares.depth.DepthMiddleware']
2022-04-29 15:40:50 [scrapy.middleware] INFO: Enabled item pipelines:
[]
2022-04-29 15:40:50 [scrapy.core.engine] INFO: Spider opened
2022-04-29 15:40:50 [scrapy.extensions.logstats] INFO: Crawled 0 pages (at 0 pages/min), scraped 0 items (at 0 items/min)
2022-04-29 15:40:50 [py.warnings] WARNING: /home/ngounse/.local/lib/python3.8/site-packages/scrapy/spidermiddlewares/offsite.py:65: URLWarning: allowed_domains accepts only domains, not URLs. Ignoring URL entry http://httpbin.org/ in allowed_domains.
  warnings.warn(message, URLWarning)

2022-04-29 15:40:50 [scrapy.extensions.telnet] INFO: Telnet console listening on 127.0.0.1:6023
2022-04-29 15:40:51 [scrapy.core.engine] DEBUG: Crawled (200) <GET http://httpbin.org/robots.txt> (referer: None)
2022-04-29 15:40:51 [scrapy.core.engine] DEBUG: Crawled (200) <GET http://httpbin.org/ip?i=0> (referer: None)
2022-04-29 15:40:51 [scrapy.core.scraper] DEBUG: Scraped from <200 http://httpbin.org/ip?i=0>
{'ip': '{\n  "origin": "136.228.141.114"\n}\n'}
2022-04-29 15:40:52 [scrapy.core.engine] DEBUG: Crawled (200) <GET http://httpbin.org/ip?i=2> (referer: None)
2022-04-29 15:40:52 [scrapy.core.scraper] DEBUG: Scraped from <200 http://httpbin.org/ip?i=2>
{'ip': '{\n  "origin": "136.228.141.114"\n}\n'}
2022-04-29 15:40:53 [scrapy.core.engine] DEBUG: Crawled (200) <GET http://httpbin.org/ip?i=1> (referer: None)
2022-04-29 15:40:53 [scrapy.core.scraper] DEBUG: Scraped from <200 http://httpbin.org/ip?i=1>
{'ip': '{\n  "origin": "136.228.141.114"\n}\n'}
2022-04-29 15:40:53 [scrapy.core.engine] INFO: Closing spider (finished)
2022-04-29 15:40:53 [scrapy.statscollectors] INFO: Dumping Scrapy stats:
{'downloader/request_bytes': 888,
 'downloader/request_count': 4,
 'downloader/request_method_count/GET': 4,
 'downloader/response_bytes': 946,
 'downloader/response_count': 4,
 'downloader/response_status_count/200': 4,
 'elapsed_time_seconds': 2.846026,
 'finish_reason': 'finished',
 'finish_time': datetime.datetime(2022, 4, 29, 8, 40, 53, 307609),
 'item_scraped_count': 3,
 'log_count/DEBUG': 8,
 'log_count/INFO': 10,
 'log_count/WARNING': 1,
 'memusage/max': 64831488,
 'memusage/startup': 64831488,
 'response_received_count': 4,
 'robotstxt/request_count': 1,
 'robotstxt/response_count': 1,
 'robotstxt/response_status_count/200': 1,
 'scheduler/dequeued': 3,
 'scheduler/dequeued/memory': 3,
 'scheduler/enqueued': 3,
 'scheduler/enqueued/memory': 3,
 'start_time': datetime.datetime(2022, 4, 29, 8, 40, 50, 461583)}
2022-04-29 15:40:53 [scrapy.core.engine] INFO: Spider closed (finished)
